<?xml version="1.0" encoding="UTF-8"?>
<testng-results ignored="0" total="1" passed="1" failed="0" skipped="0">
  <reporter-output>
  </reporter-output>
  <suite started-at="2018-12-11T23:09:53Z" name="Suite" finished-at="2018-12-11T23:10:30Z" duration-ms="36571">
    <groups>
    </groups>
    <test started-at="2018-12-11T23:09:53Z" name="Test" finished-at="2018-12-11T23:10:30Z" duration-ms="36571">
      <class name="com.zoho.zohoTest">
        <test-method is-config="true" signature="setUp()[pri:0, instance:com.zoho.zohoTest@37052337]" started-at="2018-12-11T23:09:53Z" name="setUp" finished-at="2018-12-11T23:10:03Z" duration-ms="9593" status="PASS">
          <reporter-output>
          </reporter-output>
        </test-method> <!-- setUp -->
        <test-method signature="printExcel()[pri:0, instance:com.zoho.zohoTest@37052337]" started-at="2018-12-11T23:10:03Z" name="printExcel" finished-at="2018-12-11T23:10:29Z" duration-ms="26744" status="PASS">
          <reporter-output>
          </reporter-output>
        </test-method> <!-- printExcel -->
        <test-method is-config="true" signature="closeUp()[pri:0, instance:com.zoho.zohoTest@37052337]" started-at="2018-12-11T23:10:29Z" name="closeUp" finished-at="2018-12-11T23:10:30Z" duration-ms="187" status="PASS">
          <reporter-output>
          </reporter-output>
        </test-method> <!-- closeUp -->
      </class> <!-- com.zoho.zohoTest -->
    </test> <!-- Test -->
  </suite> <!-- Suite -->
</testng-results>
