<?xml version="1.0" encoding="UTF-8"?>
<testsuite xmlns:xsi="http://www.w3.org/2001/XMLSchema-instance" xsi:schemaLocation="https://maven.apache.org/surefire/maven-surefire-plugin/xsd/surefire-test-report.xsd" name="TestSuite" time="33.431" tests="2" errors="0" skipped="0" failures="1">
  <properties>
[...]
</properties>
  <testcase name="login" classname="com.grid.gridTest2" time="28.649"/>
  <testcase name="login" classname="com.grid.gridTest" time="3.728">
    <failure message="Cannot define class using reflection&#10;Command duration or timeout: 3.60 seconds" type="org.openqa.selenium.WebDriverException">org.openqa.selenium.WebDriverException: 
Cannot define class using reflection
Command duration or timeout: 3.60 seconds
	at com.grid.gridTest.login(gridTest.java:19)
Caused by: org.openqa.selenium.WebDriverException: 
Cannot define class using reflection
Build info: version: '3.141.59', revision: 'e82be7d358', time: '2018-11-14T08:17:03'
System info: host: 'minas-MacBook-Air.local', ip: 'fe80:0:0:0:104b:3ae9:2b6a:ce2a%en0', os.name: 'Mac OS X', os.arch: 'x86_64', os.version: '10.14', java.version: '10.0.2'
Driver info: driver.version: unknown
</failure>
    <system-err><![CDATA[Dec 11, 2018 12:28:38 PM org.openqa.selenium.remote.DesiredCapabilities chrome
INFO: Using `new ChromeOptions()` is preferred to `DesiredCapabilities.chrome()`
]]></system-err>
  </testcase>
</testsuite>