<?xml version="1.0" encoding="UTF-8"?>
<testng-results ignored="0" total="3" passed="3" failed="0" skipped="0">
  <reporter-output>
  </reporter-output>
  <suite started-at="2018-12-07T03:24:57Z" name="Default suite" finished-at="2018-12-07T03:25:33Z" duration-ms="36563">
    <groups>
    </groups>
    <test started-at="2018-12-07T03:24:57Z" name="Default test" finished-at="2018-12-07T03:25:33Z" duration-ms="36563">
      <class name="assignment1.Step2">
        <test-method is-config="true" signature="testLaunchBrowser()[pri:0, instance:assignment1.Step2@38e79ae3]" started-at="2018-12-07T03:24:57Z" name="testLaunchBrowser" finished-at="2018-12-07T03:25:10Z" duration-ms="13254" status="PASS">
          <reporter-output>
          </reporter-output>
        </test-method> <!-- testLaunchBrowser -->
        <test-method signature="testInputBoxes(java.lang.String, java.lang.String)[pri:0, instance:assignment1.Step2@38e79ae3]" started-at="2018-12-07T03:25:10Z" name="testInputBoxes" data-provider="getdata" finished-at="2018-12-07T03:25:19Z" duration-ms="8594" status="PASS">
          <params>
            <param index="0">
              <value>
                <![CDATA[java developer]]>
              </value>
            </param>
            <param index="1">
              <value>
                <![CDATA[VA]]>
              </value>
            </param>
          </params>
          <reporter-output>
          </reporter-output>
        </test-method> <!-- testInputBoxes -->
        <test-method signature="testInputBoxes(java.lang.String, java.lang.String)[pri:0, instance:assignment1.Step2@38e79ae3]" started-at="2018-12-07T03:25:19Z" name="testInputBoxes" data-provider="getdata" finished-at="2018-12-07T03:25:25Z" duration-ms="6786" status="PASS">
          <params>
            <param index="0">
              <value>
                <![CDATA[javascript developer]]>
              </value>
            </param>
            <param index="1">
              <value>
                <![CDATA[VA]]>
              </value>
            </param>
          </params>
          <reporter-output>
          </reporter-output>
        </test-method> <!-- testInputBoxes -->
        <test-method signature="testInputBoxes(java.lang.String, java.lang.String)[pri:0, instance:assignment1.Step2@38e79ae3]" started-at="2018-12-07T03:25:25Z" name="testInputBoxes" data-provider="getdata" finished-at="2018-12-07T03:25:33Z" duration-ms="7621" status="PASS">
          <params>
            <param index="0">
              <value>
                <![CDATA[ruby developer]]>
              </value>
            </param>
            <param index="1">
              <value>
                <![CDATA[VA]]>
              </value>
            </param>
          </params>
          <reporter-output>
          </reporter-output>
        </test-method> <!-- testInputBoxes -->
        <test-method is-config="true" signature="closeWindows()[pri:0, instance:assignment1.Step2@38e79ae3]" started-at="2018-12-07T03:25:33Z" name="closeWindows" finished-at="2018-12-07T03:25:33Z" duration-ms="242" status="PASS">
          <reporter-output>
          </reporter-output>
        </test-method> <!-- closeWindows -->
      </class> <!-- assignment1.Step2 -->
    </test> <!-- Default test -->
  </suite> <!-- Default suite -->
</testng-results>
