<?xml version="1.0" encoding="UTF-8"?>
<testng-results ignored="0" total="1" passed="1" failed="0" skipped="0">
  <reporter-output>
  </reporter-output>
  <suite started-at="2018-12-11T19:50:57Z" name="Suite" finished-at="2018-12-11T19:51:18Z" duration-ms="21232">
    <groups>
    </groups>
    <test started-at="2018-12-11T19:50:57Z" name="Testing" finished-at="2018-12-11T19:51:18Z" duration-ms="21232">
      <class name="com.cybertek.sauceTest">
        <test-method signature="login()[pri:0, instance:com.cybertek.sauceTest@74e52303]" started-at="2018-12-11T19:50:57Z" name="login" finished-at="2018-12-11T19:51:18Z" duration-ms="21176" status="PASS">
          <reporter-output>
          </reporter-output>
        </test-method> <!-- login -->
      </class> <!-- com.cybertek.sauceTest -->
    </test> <!-- Testing -->
  </suite> <!-- Suite -->
</testng-results>
