<?xml version="1.0" encoding="UTF-8"?>
<!-- Generated by org.testng.reporters.JUnitXMLReporter -->
<testsuite ignored="0" hostname="minas-MacBook-Air.local" failures="0" tests="4" name="Testing" time="0.089" errors="0" timestamp="12 Dec 2018 20:16:44 GMT">
  <testcase classname="POMdesign.WebOrderLoginTest" name="@BeforeTest checkUp" time="0.027">
    <failure type="java.lang.NullPointerException">
      <![CDATA[java.lang.NullPointerException
at POMdesign.WebOrderLoginTest.checkUp(WebOrderLoginTest.java:56)
... Removed 27 stack frames]]>
    </failure>
  </testcase> <!-- @BeforeTest checkUp -->
  <testcase classname="POMdesign.WebOrderLoginTest" name="@BeforeTest setUp" time="0.0">
    <skipped/>
  </testcase> <!-- @BeforeTest setUp -->
  <testcase classname="POMdesign.WebOrderTest" name="@BeforeTest setUp" time="0.0">
    <skipped/>
  </testcase> <!-- @BeforeTest setUp -->
  <testcase classname="POMdesign.WebOrderLoginTest" name="@AfterTest closeUp" time="0.0">
    <skipped/>
  </testcase> <!-- @AfterTest closeUp -->
  <testcase classname="POMdesign.WebOrderTest" name="@AfterTest closeUp" time="0.0">
    <skipped/>
  </testcase> <!-- @AfterTest closeUp -->
  <testcase classname="POMdesign.WebOrderTest" name="labelsVarification" time="0.0">
    <skipped/>
  </testcase> <!-- labelsVarification -->
  <testcase classname="POMdesign.WebOrderLoginTest" name="invalidLogin" time="0.0">
    <skipped/>
  </testcase> <!-- invalidLogin -->
  <testcase classname="POMdesign.WebOrderLoginTest" name="login" time="0.0">
    <skipped/>
  </testcase> <!-- login -->
  <testcase classname="POMdesign.WebOrderLoginTest" name="loginUsingPom" time="0.0">
    <skipped/>
  </testcase> <!-- loginUsingPom -->
</testsuite> <!-- Testing -->
