<?xml version="1.0" encoding="UTF-8"?>
<!-- Generated by org.testng.reporters.JUnitXMLReporter -->
<testsuite ignored="0" hostname="minas-MacBook-Air.local" failures="0" tests="4" name="Command line test" time="63.863" errors="0" timestamp="06 Dec 2018 19:55:25 GMT">
  <testcase classname="cybertek.YahooTest" name="navigatetoYahoo" time="18.385"/>
  <testcase classname="cybertek.AmazonTest" name="navigatetoamazon" time="10.335"/>
  <testcase classname="cybertek2.ABCTest" name="navigatetoABCTest" time="14.213"/>
  <testcase classname="cybertek2.CNNTest" name="navigatetoCNNTest" time="20.883"/>
</testsuite> <!-- Command line test -->
