<?xml version="1.0" encoding="UTF-8"?>
<testng-results ignored="0" total="1" passed="1" failed="0" skipped="0">
  <reporter-output>
  </reporter-output>
  <suite started-at="2018-12-07T17:15:34Z" name="Suite" finished-at="2018-12-07T17:15:44Z" duration-ms="9992">
    <groups>
    </groups>
    <test started-at="2018-12-07T17:15:34Z" name="Test" finished-at="2018-12-07T17:15:44Z" duration-ms="9992">
      <class name="com.newtours.loginTest">
        <test-method is-config="true" signature="setUp()[pri:0, instance:com.newtours.loginTest@765d7657]" started-at="2018-12-07T17:15:34Z" name="setUp" finished-at="2018-12-07T17:15:39Z" duration-ms="5210" status="PASS">
          <reporter-output>
          </reporter-output>
        </test-method> <!-- setUp -->
        <test-method signature="login()[pri:0, instance:com.newtours.loginTest@765d7657]" started-at="2018-12-07T17:15:39Z" name="login" finished-at="2018-12-07T17:15:44Z" duration-ms="4476" status="PASS">
          <reporter-output>
          </reporter-output>
        </test-method> <!-- login -->
        <test-method is-config="true" signature="closeUp()[pri:0, instance:com.newtours.loginTest@765d7657]" started-at="2018-12-07T17:15:44Z" name="closeUp" finished-at="2018-12-07T17:15:44Z" duration-ms="269" status="PASS">
          <reporter-output>
          </reporter-output>
        </test-method> <!-- closeUp -->
      </class> <!-- com.newtours.loginTest -->
    </test> <!-- Test -->
  </suite> <!-- Suite -->
</testng-results>
